<?xml version="1.0" encoding="UTF-8"?>
<testsuite name="spittr.web.SpitterControllerTest" tests="2" skipped="0" failures="1" errors="0" timestamp="2016-04-03T09:40:50" hostname="FSEUKSAPK1K27XL" time="0.422">
  <properties/>
  <testcase name="shouldShowRegistration" classname="spittr.web.SpitterControllerTest" time="0.201"/>
  <testcase name="shouldProcessRegistration" classname="spittr.web.SpitterControllerTest" time="0.221">
    <failure message="java.lang.AssertionError: Redirected URL expected:&lt;/spitter/jbauer&gt; but was:&lt;null&gt;" type="java.lang.AssertionError">java.lang.AssertionError: Redirected URL expected:&lt;/spitter/jbauer&gt; but was:&lt;null&gt;
	at org.springframework.test.util.AssertionErrors.fail(AssertionErrors.java:60)
	at org.springframework.test.util.AssertionErrors.assertEquals(AssertionErrors.java:89)
	at org.springframework.test.web.servlet.result.MockMvcResultMatchers$3.match(MockMvcResultMatchers.java:127)
	at org.springframework.test.web.servlet.MockMvc$1.andExpect(MockMvc.java:149)
	at spittr.web.SpitterControllerTest.shouldProcessRegistration(SpitterControllerTest.java:34)
	at sun.reflect.NativeMethodAccessorImpl.invoke0(Native Method)
	at sun.reflect.NativeMethodAccessorImpl.invoke(NativeMethodAccessorImpl.java:57)
	at sun.reflect.DelegatingMethodAccessorImpl.invoke(DelegatingMethodAccessorImpl.java:43)
	at java.lang.reflect.Method.invoke(Method.java:606)
	at org.junit.runners.model.FrameworkMethod$1.runReflectiveCall(FrameworkMethod.java:47)
	at org.junit.internal.runners.model.ReflectiveCallable.run(ReflectiveCallable.java:12)
	at org.junit.runners.model.FrameworkMethod.invokeExplosively(FrameworkMethod.java:44)
	at org.junit.internal.runners.statements.InvokeMethod.evaluate(InvokeMethod.java:17)
	at org.junit.runners.ParentRunner.runLeaf(ParentRunner.java:271)
	at org.junit.runners.BlockJUnit4ClassRunner.runChild(BlockJUnit4ClassRunner.java:70)
	at org.junit.runners.BlockJUnit4ClassRunner.runChild(BlockJUnit4ClassRunner.java:50)
	at org.junit.runners.ParentRunner$3.run(ParentRunner.java:238)
	at org.junit.runners.ParentRunner$1.schedule(ParentRunner.java:63)
	at org.junit.runners.ParentRunner.runChildren(ParentRunner.java:236)
	at org.junit.runners.ParentRunner.access$000(ParentRunner.java:53)
	at org.junit.runners.ParentRunner$2.evaluate(ParentRunner.java:229)
	at org.junit.runners.ParentRunner.run(ParentRunner.java:309)
	at org.gradle.api.internal.tasks.testing.junit.JUnitTestClassExecuter.runTestClass(JUnitTestClassExecuter.java:105)
	at org.gradle.api.internal.tasks.testing.junit.JUnitTestClassExecuter.execute(JUnitTestClassExecuter.java:56)
	at org.gradle.api.internal.tasks.testing.junit.JUnitTestClassProcessor.processTestClass(JUnitTestClassProcessor.java:64)
	at org.gradle.api.internal.tasks.testing.SuiteTestClassProcessor.processTestClass(SuiteTestClassProcessor.java:49)
	at sun.reflect.NativeMethodAccessorImpl.invoke0(Native Method)
	at sun.reflect.NativeMethodAccessorImpl.invoke(NativeMethodAccessorImpl.java:57)
	at sun.reflect.DelegatingMethodAccessorImpl.invoke(DelegatingMethodAccessorImpl.java:43)
	at java.lang.reflect.Method.invoke(Method.java:606)
	at org.gradle.messaging.dispatch.ReflectionDispatch.dispatch(ReflectionDispatch.java:35)
	at org.gradle.messaging.dispatch.ReflectionDispatch.dispatch(ReflectionDispatch.java:24)
	at org.gradle.messaging.dispatch.ContextClassLoaderDispatch.dispatch(ContextClassLoaderDispatch.java:32)
	at org.gradle.messaging.dispatch.ProxyDispatchAdapter$DispatchingInvocationHandler.invoke(ProxyDispatchAdapter.java:93)
	at com.sun.proxy.$Proxy2.processTestClass(Unknown Source)
	at org.gradle.api.internal.tasks.testing.worker.TestWorker.processTestClass(TestWorker.java:106)
	at sun.reflect.NativeMethodAccessorImpl.invoke0(Native Method)
	at sun.reflect.NativeMethodAccessorImpl.invoke(NativeMethodAccessorImpl.java:57)
	at sun.reflect.DelegatingMethodAccessorImpl.invoke(DelegatingMethodAccessorImpl.java:43)
	at java.lang.reflect.Method.invoke(Method.java:606)
	at org.gradle.messaging.dispatch.ReflectionDispatch.dispatch(ReflectionDispatch.java:35)
	at org.gradle.messaging.dispatch.ReflectionDispatch.dispatch(ReflectionDispatch.java:24)
	at org.gradle.messaging.remote.internal.hub.MessageHub$Handler.run(MessageHub.java:360)
	at org.gradle.internal.concurrent.ExecutorPolicy$CatchAndRecordFailures.onExecute(ExecutorPolicy.java:54)
	at org.gradle.internal.concurrent.StoppableExecutorImpl$1.run(StoppableExecutorImpl.java:40)
	at java.util.concurrent.ThreadPoolExecutor.runWorker(ThreadPoolExecutor.java:1145)
	at java.util.concurrent.ThreadPoolExecutor$Worker.run(ThreadPoolExecutor.java:615)
	at java.lang.Thread.run(Thread.java:744)
</failure>
  </testcase>
  <system-out><![CDATA[]]></system-out>
  <system-err><![CDATA[Apr 03, 2016 10:40:50 AM org.springframework.test.web.servlet.setup.StandaloneMockMvcBuilder$StaticRequestMappingHandlerMapping registerHandlerMethod
INFO: Mapped "{[/spitter/register],methods=[GET],params=[],headers=[],consumes=[],produces=[],custom=[]}" onto public java.lang.String spittr.web.SpitterController.showRegistrationForm(org.springframework.ui.Model)
Apr 03, 2016 10:40:50 AM org.springframework.test.web.servlet.setup.StandaloneMockMvcBuilder$StaticRequestMappingHandlerMapping registerHandlerMethod
INFO: Mapped "{[/spitter/register],methods=[POST],params=[],headers=[],consumes=[],produces=[],custom=[]}" onto public java.lang.String spittr.web.SpitterController.processRegistration(spittr.Spitter,org.springframework.validation.Errors)
Apr 03, 2016 10:40:50 AM org.springframework.test.web.servlet.setup.StandaloneMockMvcBuilder$StaticRequestMappingHandlerMapping registerHandlerMethod
INFO: Mapped "{[/spitter/{username}],methods=[GET],params=[],headers=[],consumes=[],produces=[],custom=[]}" onto public java.lang.String spittr.web.SpitterController.ShowSpitterProfile(java.lang.String,org.springframework.ui.Model)
Apr 03, 2016 10:40:50 AM org.springframework.mock.web.MockServletContext log
INFO: Initializing Spring FrameworkServlet ''
Apr 03, 2016 10:40:50 AM org.springframework.test.web.servlet.TestDispatcherServlet initServletBean
INFO: FrameworkServlet '': initialization started
Apr 03, 2016 10:40:50 AM org.springframework.test.web.servlet.TestDispatcherServlet initServletBean
INFO: FrameworkServlet '': initialization completed in 0 ms
Apr 03, 2016 10:40:50 AM org.springframework.test.web.servlet.setup.StandaloneMockMvcBuilder$StaticRequestMappingHandlerMapping registerHandlerMethod
INFO: Mapped "{[/spitter/register],methods=[GET],params=[],headers=[],consumes=[],produces=[],custom=[]}" onto public java.lang.String spittr.web.SpitterController.showRegistrationForm(org.springframework.ui.Model)
Apr 03, 2016 10:40:50 AM org.springframework.test.web.servlet.setup.StandaloneMockMvcBuilder$StaticRequestMappingHandlerMapping registerHandlerMethod
INFO: Mapped "{[/spitter/register],methods=[POST],params=[],headers=[],consumes=[],produces=[],custom=[]}" onto public java.lang.String spittr.web.SpitterController.processRegistration(spittr.Spitter,org.springframework.validation.Errors)
Apr 03, 2016 10:40:50 AM org.springframework.test.web.servlet.setup.StandaloneMockMvcBuilder$StaticRequestMappingHandlerMapping registerHandlerMethod
INFO: Mapped "{[/spitter/{username}],methods=[GET],params=[],headers=[],consumes=[],produces=[],custom=[]}" onto public java.lang.String spittr.web.SpitterController.ShowSpitterProfile(java.lang.String,org.springframework.ui.Model)
Apr 03, 2016 10:40:50 AM org.springframework.mock.web.MockServletContext log
INFO: Initializing Spring FrameworkServlet ''
Apr 03, 2016 10:40:50 AM org.springframework.test.web.servlet.TestDispatcherServlet initServletBean
INFO: FrameworkServlet '': initialization started
Apr 03, 2016 10:40:50 AM org.springframework.test.web.servlet.TestDispatcherServlet initServletBean
INFO: FrameworkServlet '': initialization completed in 1 ms
]]></system-err>
</testsuite>
